<?xml version="1.0" encoding="UTF-8" standalone="no"?><testsuites><testsuite errors="0" failures="0" hostname="emulator-5554_AVD_01_unknown_google_sdk" name="ua.com.taxometr.test" tests="4" time="5,4320" timestamp="Thu Apr 19 20:29:48 EEST 2012"><properties>
[...]
</properties><testcase classname="ua.com.taxometr.test.CallActivityTest" name="testPreconditions" time="2,2300"/><testcase classname="ua.com.taxometr.test.CallActivityTest" name="testText" time="0,9790"/><testcase classname="ua.com.taxometr.test.SelectAddressActivityTest" name="testSelectAddressActivityBasic" time="1,0760"/><testcase classname="ua.com.taxometr.test.StartActivityTest" name="testStartActivityBasic" time="0,8270"/></testsuite></testsuites>